Analysis & Elaboration report for traffic_light
Wed Jul 28 16:02:35 2021
Quartus Prime Version 18.1.0 Build 625 09/12/2018 SJ Standard Edition


---------------------
; Table of Contents ;
---------------------
  1. Legal Notice
  2. Analysis & Elaboration Summary
  3. Parallel Compilation
  4. Parameter Settings for User Entity Instance: Top-level Entity: |traffic_light
  5. Parameter Settings for User Entity Instance: IntervalTimer:IntervalTimer_inst
  6. Parameter Settings for User Entity Instance: IntervalTimer:IntervalTimer_inst|TrafficLightCounter:TrafficLightCounter_inst
  7. Analysis & Elaboration Settings
  8. Port Connectivity Checks: "IntervalTimer:IntervalTimer_inst|TrafficLightCounter:TrafficLightCounter_inst|HAS:HAS_inst[10]"
  9. Port Connectivity Checks: "IntervalTimer:IntervalTimer_inst|TrafficLightCounter:TrafficLightCounter_inst"
 10. Port Connectivity Checks: "IntervalTimer:IntervalTimer_inst|TimeSrc:TimeSrc_inst"
 11. Analysis & Elaboration Messages



----------------
; Legal Notice ;
----------------
Copyright (C) 2018  Intel Corporation. All rights reserved.
Your use of Intel Corporation's design tools, logic functions 
and other software and tools, and its AMPP partner logic 
functions, and any output files from any of the foregoing 
(including device programming or simulation files), and any 
associated documentation or information are expressly subject 
to the terms and conditions of the Intel Program License 
Subscription Agreement, the Intel Quartus Prime License Agreement,
the Intel FPGA IP License Agreement, or other applicable license
agreement, including, without limitation, that your use is for
the sole purpose of programming logic devices manufactured by
Intel and sold by Intel or its authorized distributors.  Please
refer to the applicable agreement for further details.



+---------------------------------------------------------------------------------+
; Analysis & Elaboration Summary                                                  ;
+-------------------------------+-------------------------------------------------+
; Analysis & Elaboration Status ; Successful - Wed Jul 28 16:02:35 2021           ;
; Quartus Prime Version         ; 18.1.0 Build 625 09/12/2018 SJ Standard Edition ;
; Revision Name                 ; traffic_light                                   ;
; Top-level Entity Name         ; traffic_light                                   ;
; Family                        ; Cyclone V                                       ;
; Logic utilization (in ALMs)   ; N/A until Partition Merge                       ;
; Total registers               ; N/A until Partition Merge                       ;
; Total pins                    ; N/A until Partition Merge                       ;
; Total virtual pins            ; N/A until Partition Merge                       ;
; Total block memory bits       ; N/A until Partition Merge                       ;
; Total PLLs                    ; N/A until Partition Merge                       ;
; Total DLLs                    ; N/A until Partition Merge                       ;
+-------------------------------+-------------------------------------------------+


+------------------------------------------+
; Parallel Compilation                     ;
+----------------------------+-------------+
; Processors                 ; Number      ;
+----------------------------+-------------+
; Number detected on machine ; 4           ;
; Maximum allowed            ; 2           ;
;                            ;             ;
; Average used               ; 1.00        ;
; Maximum used               ; 1           ;
;                            ;             ;
; Usage by Processor         ; % Time Used ;
;     Processor 1            ; 100.0%      ;
+----------------------------+-------------+


+-------------------------------------------------------------------------------+
; Parameter Settings for User Entity Instance: Top-level Entity: |traffic_light ;
+----------------+-------+------------------------------------------------------+
; Parameter Name ; Value ; Type                                                 ;
+----------------+-------+------------------------------------------------------+
; N              ; 11    ; Signed Integer                                       ;
; EVEN           ; 0     ; Signed Integer                                       ;
; ODD            ; 1     ; Signed Integer                                       ;
; S0             ; 00    ; Unsigned Binary                                      ;
; S1             ; 01    ; Unsigned Binary                                      ;
; S2             ; 10    ; Unsigned Binary                                      ;
; S3             ; 11    ; Unsigned Binary                                      ;
+----------------+-------+------------------------------------------------------+
Note: In order to hide this table in the UI and the text report file, please set the "Show Parameter Settings in Synthesis Report" option in "Analysis and Synthesis Settings -> More Settings" to "Off".


+-------------------------------------------------------------------------------+
; Parameter Settings for User Entity Instance: IntervalTimer:IntervalTimer_inst ;
+----------------+-------+------------------------------------------------------+
; Parameter Name ; Value ; Type                                                 ;
+----------------+-------+------------------------------------------------------+
; S0             ; 000   ; Unsigned Binary                                      ;
; S1             ; 001   ; Unsigned Binary                                      ;
; S2             ; 010   ; Unsigned Binary                                      ;
; S3             ; 011   ; Unsigned Binary                                      ;
; S4             ; 100   ; Unsigned Binary                                      ;
; N              ; 11    ; Signed Integer                                       ;
+----------------+-------+------------------------------------------------------+
Note: In order to hide this table in the UI and the text report file, please set the "Show Parameter Settings in Synthesis Report" option in "Analysis and Synthesis Settings -> More Settings" to "Off".


+----------------------------------------------------------------------------------------------------------------------------+
; Parameter Settings for User Entity Instance: IntervalTimer:IntervalTimer_inst|TrafficLightCounter:TrafficLightCounter_inst ;
+----------------+-------+---------------------------------------------------------------------------------------------------+
; Parameter Name ; Value ; Type                                                                                              ;
+----------------+-------+---------------------------------------------------------------------------------------------------+
; N              ; 11    ; Signed Integer                                                                                    ;
+----------------+-------+---------------------------------------------------------------------------------------------------+
Note: In order to hide this table in the UI and the text report file, please set the "Show Parameter Settings in Synthesis Report" option in "Analysis and Synthesis Settings -> More Settings" to "Off".


+---------------------------------------------------------------------------------------------------------------------------+
; Analysis & Elaboration Settings                                                                                           ;
+---------------------------------------------------------------------------------+--------------------+--------------------+
; Option                                                                          ; Setting            ; Default Value      ;
+---------------------------------------------------------------------------------+--------------------+--------------------+
; Device                                                                          ; 5CGXFC7C7F23C8     ;                    ;
; Top-level entity name                                                           ; traffic_light      ; traffic_light      ;
; Family name                                                                     ; Cyclone V          ; Cyclone V          ;
; Use smart compilation                                                           ; Off                ; Off                ;
; Enable parallel Assembler and Timing Analyzer during compilation                ; On                 ; On                 ;
; Enable compact report table                                                     ; Off                ; Off                ;
; Restructure Multiplexers                                                        ; Auto               ; Auto               ;
; MLAB Add Timing Constraints For Mixed-Port Feed-Through Mode Setting Don't Care ; Off                ; Off                ;
; Create Debugging Nodes for IP Cores                                             ; Off                ; Off                ;
; Preserve fewer node names                                                       ; On                 ; On                 ;
; Intel FPGA IP Evaluation Mode                                                   ; Enable             ; Enable             ;
; Verilog Version                                                                 ; Verilog_2001       ; Verilog_2001       ;
; VHDL Version                                                                    ; VHDL_1993          ; VHDL_1993          ;
; State Machine Processing                                                        ; Auto               ; Auto               ;
; Safe State Machine                                                              ; Off                ; Off                ;
; Extract Verilog State Machines                                                  ; On                 ; On                 ;
; Extract VHDL State Machines                                                     ; On                 ; On                 ;
; Ignore Verilog initial constructs                                               ; Off                ; Off                ;
; Iteration limit for constant Verilog loops                                      ; 5000               ; 5000               ;
; Iteration limit for non-constant Verilog loops                                  ; 250                ; 250                ;
; Add Pass-Through Logic to Inferred RAMs                                         ; On                 ; On                 ;
; Infer RAMs from Raw Logic                                                       ; On                 ; On                 ;
; Parallel Synthesis                                                              ; On                 ; On                 ;
; DSP Block Balancing                                                             ; Auto               ; Auto               ;
; NOT Gate Push-Back                                                              ; On                 ; On                 ;
; Power-Up Don't Care                                                             ; On                 ; On                 ;
; Remove Redundant Logic Cells                                                    ; Off                ; Off                ;
; Remove Duplicate Registers                                                      ; On                 ; On                 ;
; Ignore CARRY Buffers                                                            ; Off                ; Off                ;
; Ignore CASCADE Buffers                                                          ; Off                ; Off                ;
; Ignore GLOBAL Buffers                                                           ; Off                ; Off                ;
; Ignore ROW GLOBAL Buffers                                                       ; Off                ; Off                ;
; Ignore LCELL Buffers                                                            ; Off                ; Off                ;
; Ignore SOFT Buffers                                                             ; On                 ; On                 ;
; Limit AHDL Integers to 32 Bits                                                  ; Off                ; Off                ;
; Optimization Technique                                                          ; Balanced           ; Balanced           ;
; Carry Chain Length                                                              ; 70                 ; 70                 ;
; Auto Carry Chains                                                               ; On                 ; On                 ;
; Auto Open-Drain Pins                                                            ; On                 ; On                 ;
; Perform WYSIWYG Primitive Resynthesis                                           ; Off                ; Off                ;
; Auto ROM Replacement                                                            ; On                 ; On                 ;
; Auto RAM Replacement                                                            ; On                 ; On                 ;
; Auto DSP Block Replacement                                                      ; On                 ; On                 ;
; Auto Shift Register Replacement                                                 ; Auto               ; Auto               ;
; Allow Shift Register Merging across Hierarchies                                 ; Auto               ; Auto               ;
; Auto Clock Enable Replacement                                                   ; On                 ; On                 ;
; Strict RAM Replacement                                                          ; Off                ; Off                ;
; Allow Synchronous Control Signals                                               ; On                 ; On                 ;
; Force Use of Synchronous Clear Signals                                          ; Off                ; Off                ;
; Auto Resource Sharing                                                           ; Off                ; Off                ;
; Allow Any RAM Size For Recognition                                              ; Off                ; Off                ;
; Allow Any ROM Size For Recognition                                              ; Off                ; Off                ;
; Allow Any Shift Register Size For Recognition                                   ; Off                ; Off                ;
; Use LogicLock Constraints during Resource Balancing                             ; On                 ; On                 ;
; Ignore translate_off and synthesis_off directives                               ; Off                ; Off                ;
; Timing-Driven Synthesis                                                         ; On                 ; On                 ;
; Report Parameter Settings                                                       ; On                 ; On                 ;
; Report Source Assignments                                                       ; On                 ; On                 ;
; Report Connectivity Checks                                                      ; On                 ; On                 ;
; Ignore Maximum Fan-Out Assignments                                              ; Off                ; Off                ;
; Synchronization Register Chain Length                                           ; 3                  ; 3                  ;
; Power Optimization During Synthesis                                             ; Normal compilation ; Normal compilation ;
; HDL message level                                                               ; Level2             ; Level2             ;
; Suppress Register Optimization Related Messages                                 ; Off                ; Off                ;
; Number of Removed Registers Reported in Synthesis Report                        ; 5000               ; 5000               ;
; Number of Swept Nodes Reported in Synthesis Report                              ; 5000               ; 5000               ;
; Number of Inverted Registers Reported in Synthesis Report                       ; 100                ; 100                ;
; Clock MUX Protection                                                            ; On                 ; On                 ;
; Auto Gated Clock Conversion                                                     ; Off                ; Off                ;
; Block Design Naming                                                             ; Auto               ; Auto               ;
; SDC constraint protection                                                       ; Off                ; Off                ;
; Synthesis Effort                                                                ; Auto               ; Auto               ;
; Shift Register Replacement - Allow Asynchronous Clear Signal                    ; On                 ; On                 ;
; Pre-Mapping Resynthesis Optimization                                            ; Off                ; Off                ;
; Analysis & Synthesis Message Level                                              ; Medium             ; Medium             ;
; Disable Register Merging Across Hierarchies                                     ; Auto               ; Auto               ;
; Resource Aware Inference For Block RAM                                          ; On                 ; On                 ;
; Automatic Parallel Synthesis                                                    ; On                 ; On                 ;
; Partial Reconfiguration Bitstream ID                                            ; Off                ; Off                ;
+---------------------------------------------------------------------------------+--------------------+--------------------+


+----------------------------------------------------------------------------------------------------------------------------+
; Port Connectivity Checks: "IntervalTimer:IntervalTimer_inst|TrafficLightCounter:TrafficLightCounter_inst|HAS:HAS_inst[10]" ;
+-----------+--------+----------+--------------------------------------------------------------------------------------------+
; Port      ; Type   ; Severity ; Details                                                                                    ;
+-----------+--------+----------+--------------------------------------------------------------------------------------------+
; carry_bit ; Output ; Info     ; Connected to dangling logic. Logic that only feeds a dangling port will be removed.        ;
+-----------+--------+----------+--------------------------------------------------------------------------------------------+


+-----------------------------------------------------------------------------------------------------------+
; Port Connectivity Checks: "IntervalTimer:IntervalTimer_inst|TrafficLightCounter:TrafficLightCounter_inst" ;
+------+-------+----------+---------------------------------------------------------------------------------+
; Port ; Type  ; Severity ; Details                                                                         ;
+------+-------+----------+---------------------------------------------------------------------------------+
; En   ; Input ; Info     ; Stuck at VCC                                                                    ;
; D    ; Input ; Info     ; Stuck at VCC                                                                    ;
+------+-------+----------+---------------------------------------------------------------------------------+


+-----------------------------------------------------------------------------------+
; Port Connectivity Checks: "IntervalTimer:IntervalTimer_inst|TimeSrc:TimeSrc_inst" ;
+-----------+-------+----------+----------------------------------------------------+
; Port      ; Type  ; Severity ; Details                                            ;
+-----------+-------+----------+----------------------------------------------------+
; ts[10..2] ; Input ; Info     ; Stuck at GND                                       ;
; ts[1]     ; Input ; Info     ; Stuck at VCC                                       ;
; ts[0]     ; Input ; Info     ; Stuck at GND                                       ;
; tl[3..0]  ; Input ; Info     ; Stuck at VCC                                       ;
; tl[10..4] ; Input ; Info     ; Stuck at GND                                       ;
+-----------+-------+----------+----------------------------------------------------+


+---------------------------------+
; Analysis & Elaboration Messages ;
+---------------------------------+
Info: *******************************************************************
Info: Running Quartus Prime Analysis & Elaboration
    Info: Version 18.1.0 Build 625 09/12/2018 SJ Standard Edition
    Info: Processing started: Wed Jul 28 16:02:09 2021
Info: Command: quartus_map --read_settings_files=on --write_settings_files=off traffic_light -c traffic_light --analysis_and_elaboration
Warning (18236): Number of processors has not been specified which may cause overloading on shared machines.  Set the global assignment NUM_PARALLEL_PROCESSORS in your QSF to an appropriate value for best performance.
Info (20030): Parallel compilation is enabled and will use 2 of the 2 processors detected
Info (12021): Found 1 design units, including 1 entities, in source file /users/hungnguyen/desktop/trafficlightcounter.v
    Info (12023): Found entity 1: TrafficLightCounter File: C:/Users/hungnguyen/Desktop/TrafficLightCounter.v Line: 8
Info (12021): Found 1 design units, including 1 entities, in source file /users/hungnguyen/desktop/traffic_light.v
    Info (12023): Found entity 1: traffic_light File: C:/Users/hungnguyen/Desktop/traffic_light.v Line: 1
Info (12021): Found 1 design units, including 1 entities, in source file /users/hungnguyen/desktop/timesrc.v
    Info (12023): Found entity 1: TimeSrc File: C:/Users/hungnguyen/Desktop/TimeSrc.v Line: 1
Info (12021): Found 1 design units, including 1 entities, in source file /users/hungnguyen/desktop/mux2_1.v
    Info (12023): Found entity 1: mux2_1 File: C:/Users/hungnguyen/Desktop/mux2_1.v Line: 5
Info (12021): Found 1 design units, including 1 entities, in source file /users/hungnguyen/desktop/intervaltimer.v
    Info (12023): Found entity 1: IntervalTimer File: C:/Users/hungnguyen/Desktop/IntervalTimer.v Line: 1
Info (12021): Found 1 design units, including 1 entities, in source file /users/hungnguyen/desktop/has.v
    Info (12023): Found entity 1: HAS File: C:/Users/hungnguyen/Desktop/HAS.v Line: 5
Info (12021): Found 1 design units, including 1 entities, in source file /users/hungnguyen/desktop/d_ff.v
    Info (12023): Found entity 1: D_ff File: C:/Users/hungnguyen/Desktop/D_ff.v Line: 2
Info (12021): Found 1 design units, including 1 entities, in source file /users/hungnguyen/desktop/counterwithparallelload.v
    Info (12023): Found entity 1: CounterWithParallelLoad File: C:/Users/hungnguyen/Desktop/CounterwithParallelLoad.v Line: 8
Info (12127): Elaborating entity "traffic_light" for the top level hierarchy
Info (12128): Elaborating entity "IntervalTimer" for hierarchy "IntervalTimer:IntervalTimer_inst" File: C:/Users/hungnguyen/Desktop/traffic_light.v Line: 24
Info (12128): Elaborating entity "TimeSrc" for hierarchy "IntervalTimer:IntervalTimer_inst|TimeSrc:TimeSrc_inst" File: C:/Users/hungnguyen/Desktop/IntervalTimer.v Line: 105
Info (12128): Elaborating entity "TrafficLightCounter" for hierarchy "IntervalTimer:IntervalTimer_inst|TrafficLightCounter:TrafficLightCounter_inst" File: C:/Users/hungnguyen/Desktop/IntervalTimer.v Line: 110
Info (12128): Elaborating entity "HAS" for hierarchy "IntervalTimer:IntervalTimer_inst|TrafficLightCounter:TrafficLightCounter_inst|HAS:HAS_inst[0]" File: C:/Users/hungnguyen/Desktop/TrafficLightCounter.v Line: 18
Info (12128): Elaborating entity "mux2_1" for hierarchy "IntervalTimer:IntervalTimer_inst|TrafficLightCounter:TrafficLightCounter_inst|mux2_1:mux_inst[0]" File: C:/Users/hungnguyen/Desktop/TrafficLightCounter.v Line: 22
Info (12128): Elaborating entity "D_ff" for hierarchy "IntervalTimer:IntervalTimer_inst|TrafficLightCounter:TrafficLightCounter_inst|D_ff:D_ff_inst[0]" File: C:/Users/hungnguyen/Desktop/TrafficLightCounter.v Line: 25
Info: Quartus Prime Analysis & Elaboration was successful. 0 errors, 1 warning
    Info: Peak virtual memory: 4766 megabytes
    Info: Processing ended: Wed Jul 28 16:02:35 2021
    Info: Elapsed time: 00:00:26
    Info: Total CPU time (on all processors): 00:00:49


